-------------------------------------------------------------------------------
Test set: LoginTest
-------------------------------------------------------------------------------
Tests run: 1, Failures: 0, Errors: 1, Skipped: 0, Time elapsed: 0.265 s <<< FAILURE! - in LoginTest
test_login_with_incorrect_credentials(LoginTest)  Time elapsed: 0.159 s  <<< ERROR!
org.openqa.selenium.remote.NoSuchDriverException: 
chromedriver at location C:\ChromeDriver\chromedriver.exe, does not exist
For documentation on this error, please visit: https://www.selenium.dev/documentation/webdriver/troubleshooting/errors/driver_location/
Build info: version: '4.18.1', revision: 'b1d3319b48'
System info: os.name: 'Windows 11', os.arch: 'amd64', os.version: '10.0', java.version: '17.0.17'
Driver info: driver.version: ChromeDriver
	at LoginTest.test_login_with_incorrect_credentials(LoginTest.java:20)

